<?xml version="1.0" encoding="UTF-8" ?>
<testsuite tests="4" failures="0" name="com.microsoft.java.debug.core.adapter.formatter.ClassObjectFormatterTest" time="0.077" errors="0" skipped="0">
  <properties>
[...]
</properties>
  <testcase classname="com.microsoft.java.debug.core.adapter.formatter.ClassObjectFormatterTest" name="testAcceptType" time="0.076"/>
  <testcase classname="com.microsoft.java.debug.core.adapter.formatter.ClassObjectFormatterTest" name="testValueOfNotUnsupported" time="0"/>
  <testcase classname="com.microsoft.java.debug.core.adapter.formatter.ClassObjectFormatterTest" name="testToString" time="0.001"/>
  <testcase classname="com.microsoft.java.debug.core.adapter.formatter.ClassObjectFormatterTest" name="testDefaultOptions" time="0"/>
</testsuite>